<?xml version="1.0" encoding="UTF-8"?>
<testng-results skipped="1" failed="0" ignored="0" total="1" passed="0">
  <reporter-output>
  </reporter-output>
  <suite name="Default suite" duration-ms="16" started-at="2017-12-04T16:53:56Z" finished-at="2017-12-04T16:53:56Z">
    <groups>
    </groups>
    <test name="Default test" duration-ms="16" started-at="2017-12-04T16:53:56Z" finished-at="2017-12-04T16:53:56Z">
      <class name="selenium.AIStrategy1Test">
        <test-method status="SKIP" signature="FirstAIPlayer_Straight(java.util.ArrayList)[pri:0, instance:selenium.AIStrategy1Test@2d6eabae]" name="FirstAIPlayer_Straight" duration-ms="0" started-at="2017-12-04T11:53:56Z" data-provider="PlayerProvider" finished-at="2017-12-04T11:53:56Z">
          <exception class="java.lang.RuntimeException">
            <message>
              <![CDATA[java.lang.NullPointerException]]>
            </message>
            <full-stacktrace>
              <![CDATA[java.lang.RuntimeException: java.lang.NullPointerException
	at org.testng.internal.MethodInvocationHelper.invokeMethodNoCheckedException(MethodInvocationHelper.java:49)
	at org.testng.internal.MethodInvocationHelper.invokeDataProvider(MethodInvocationHelper.java:115)
	at org.testng.internal.Parameters.handleParameters(Parameters.java:612)
	at org.testng.internal.Invoker.handleParameters(Invoker.java:1316)
	at org.testng.internal.Invoker.createParameters(Invoker.java:1044)
	at org.testng.internal.Invoker.invokeTestMethods(Invoker.java:1134)
	at org.testng.internal.TestMethodWorker.invokeTestMethods(TestMethodWorker.java:125)
	at org.testng.internal.TestMethodWorker.run(TestMethodWorker.java:109)
	at org.testng.TestRunner.privateRun(TestRunner.java:776)
	at org.testng.TestRunner.run(TestRunner.java:634)
	at org.testng.SuiteRunner.runTest(SuiteRunner.java:425)
	at org.testng.SuiteRunner.runSequentially(SuiteRunner.java:420)
	at org.testng.SuiteRunner.privateRun(SuiteRunner.java:385)
	at org.testng.SuiteRunner.run(SuiteRunner.java:334)
	at org.testng.SuiteRunnerWorker.runSuite(SuiteRunnerWorker.java:52)
	at org.testng.SuiteRunnerWorker.run(SuiteRunnerWorker.java:86)
	at org.testng.TestNG.runSuitesSequentially(TestNG.java:1318)
	at org.testng.TestNG.runSuitesLocally(TestNG.java:1243)
	at org.testng.TestNG.runSuites(TestNG.java:1161)
	at org.testng.TestNG.run(TestNG.java:1129)
	at org.testng.remote.AbstractRemoteTestNG.run(AbstractRemoteTestNG.java:114)
	at org.testng.remote.RemoteTestNG.initAndRun(RemoteTestNG.java:251)
	at org.testng.remote.RemoteTestNG.main(RemoteTestNG.java:77)
Caused by: java.lang.NullPointerException
	at selenium.AIStrategy1Test.getDataFromDataprovider(AIStrategy1Test.java:159)
	at sun.reflect.NativeMethodAccessorImpl.invoke0(Native Method)
	at sun.reflect.NativeMethodAccessorImpl.invoke(NativeMethodAccessorImpl.java:62)
	at sun.reflect.DelegatingMethodAccessorImpl.invoke(DelegatingMethodAccessorImpl.java:43)
	at java.lang.reflect.Method.invoke(Method.java:498)
	at org.testng.internal.MethodInvocationHelper.invokeMethod(MethodInvocationHelper.java:108)
	at org.testng.internal.MethodInvocationHelper.invokeMethod(MethodInvocationHelper.java:55)
	at org.testng.internal.MethodInvocationHelper.invokeMethodNoCheckedException(MethodInvocationHelper.java:45)
	... 22 more
]]>
            </full-stacktrace>
          </exception> <!-- java.lang.RuntimeException -->
          <reporter-output>
          </reporter-output>
        </test-method> <!-- FirstAIPlayer_Straight -->
      </class> <!-- selenium.AIStrategy1Test -->
    </test> <!-- Default test -->
  </suite> <!-- Default suite -->
</testng-results>
